2025-08-04 16:26:43,801: INFO: test_formFilling: Entering firstname
2025-08-04 16:26:43,938: INFO: test_formFilling: Entering email
2025-08-04 16:26:44,028: INFO: test_formFilling: Entering password
2025-08-04 16:26:44,090: INFO: test_formFilling: Clicking checkbox
2025-08-04 16:26:44,170: INFO: test_formFilling: Selecting gender as Male
2025-08-04 16:26:44,226: INFO: test_formFilling: Clicking radio button
2025-08-04 16:26:44,289: INFO: test_formFilling: Selecing date
2025-08-04 16:26:44,355: INFO: test_formFilling: Clicking submit button
2025-08-04 16:26:44,531: INFO: test_formFilling: Refreshing Page
2025-08-04 16:26:44,655: INFO: test_formFilling: Entering firstname
2025-08-04 16:26:44,775: INFO: test_formFilling: Entering email
2025-08-04 16:26:44,893: INFO: test_formFilling: Entering password
2025-08-04 16:26:44,953: INFO: test_formFilling: Clicking checkbox
2025-08-04 16:26:45,009: INFO: test_formFilling: Selecting gender as Male
2025-08-04 16:26:45,057: INFO: test_formFilling: Clicking radio button
2025-08-04 16:26:45,120: INFO: test_formFilling: Selecing date
2025-08-04 16:26:45,165: INFO: test_formFilling: Clicking submit button
2025-08-04 16:26:45,320: INFO: test_formFilling: Refreshing Page
2025-08-04 16:26:50,158: INFO: test_e2e_ProtoCommerce: Moving to shop page from home page
2025-08-04 16:26:50,177: INFO: test_e2e_ProtoCommerce: Getting the details of products cards
2025-08-04 16:26:50,203: INFO: test_e2e_ProtoCommerce: iphone X
2025-08-04 16:26:50,220: INFO: test_e2e_ProtoCommerce: Samsung Note 8
2025-08-04 16:26:50,233: INFO: test_e2e_ProtoCommerce: Nokia Edge
2025-08-04 16:26:50,247: INFO: test_e2e_ProtoCommerce: Blackberry
2025-08-04 16:26:50,490: INFO: test_e2e_ProtoCommerce: Sending country text as pa
2025-08-04 16:26:55,990: INFO: test_e2e_ProtoCommerce: Message coming from application is ×
Success! Thank you! Your order will be delivered in next few weeks :-).
2025-08-05 08:28:37,333: INFO: test_e2e_ProtoCommerce: Moving to shop page from home page
2025-08-05 08:28:37,379: INFO: test_e2e_ProtoCommerce: Getting the details of products cards
2025-08-05 08:28:37,446: INFO: test_e2e_ProtoCommerce: iphone X
2025-08-05 08:28:37,487: INFO: test_e2e_ProtoCommerce: Samsung Note 8
2025-08-05 08:28:37,534: INFO: test_e2e_ProtoCommerce: Nokia Edge
2025-08-05 08:28:37,578: INFO: test_e2e_ProtoCommerce: Blackberry
2025-08-05 08:28:38,319: INFO: test_e2e_ProtoCommerce: Sending country text as pa
2025-08-05 08:28:44,189: INFO: test_e2e_ProtoCommerce: Message coming from application is ×
Success! Thank you! Your order will be delivered in next few weeks :-).
2025-08-05 08:30:07,065: INFO: test_formFilling: Entering firstname
2025-08-05 08:30:07,898: INFO: test_formFilling: Entering email
2025-08-05 08:30:08,496: INFO: test_formFilling: Entering password
2025-08-05 08:30:08,794: INFO: test_formFilling: Clicking checkbox
2025-08-05 08:30:09,062: INFO: test_formFilling: Selecting gender as Male
2025-08-05 08:30:09,206: INFO: test_formFilling: Clicking radio button
2025-08-05 08:30:09,316: INFO: test_formFilling: Selecing date
2025-08-05 08:30:09,441: INFO: test_formFilling: Clicking submit button
2025-08-05 08:30:09,737: INFO: test_formFilling: Refreshing Page
2025-08-05 08:30:10,023: INFO: test_formFilling: Entering firstname
2025-08-05 08:30:10,722: INFO: test_formFilling: Entering email
2025-08-05 08:30:11,287: INFO: test_formFilling: Entering password
2025-08-05 08:30:11,490: INFO: test_formFilling: Clicking checkbox
2025-08-05 08:30:11,760: INFO: test_formFilling: Selecting gender as Male
2025-08-05 08:30:11,963: INFO: test_formFilling: Clicking radio button
2025-08-05 08:30:12,227: INFO: test_formFilling: Selecing date
2025-08-05 08:30:12,334: INFO: test_formFilling: Clicking submit button
2025-08-05 08:30:12,578: INFO: test_formFilling: Refreshing Page
2025-08-05 08:30:18,728: INFO: test_e2e_ProtoCommerce: Moving to shop page from home page
2025-08-05 08:30:18,779: INFO: test_e2e_ProtoCommerce: Getting the details of products cards
2025-08-05 08:30:18,903: INFO: test_e2e_ProtoCommerce: iphone X
2025-08-05 08:30:18,979: INFO: test_e2e_ProtoCommerce: Samsung Note 8
2025-08-05 08:30:19,062: INFO: test_e2e_ProtoCommerce: Nokia Edge
2025-08-05 08:30:19,139: INFO: test_e2e_ProtoCommerce: Blackberry
2025-08-05 08:30:20,262: INFO: test_e2e_ProtoCommerce: Sending country text as pa
2025-08-05 08:30:26,275: INFO: test_e2e_ProtoCommerce: Message coming from application is ×
Success! Thank you! Your order will be delivered in next few weeks :-).
2025-08-05 08:34:37,592: INFO: test_e2e_ProtoCommerce: Moving to shop page from home page
2025-08-05 08:34:37,622: INFO: test_e2e_ProtoCommerce: Getting the details of products cards
2025-08-05 08:34:37,676: INFO: test_e2e_ProtoCommerce: iphone X
2025-08-05 08:34:37,725: INFO: test_e2e_ProtoCommerce: Samsung Note 8
2025-08-05 08:34:37,759: INFO: test_e2e_ProtoCommerce: Nokia Edge
2025-08-05 08:34:37,793: INFO: test_e2e_ProtoCommerce: Blackberry
2025-08-05 08:34:38,349: INFO: test_e2e_ProtoCommerce: Sending country text as pa
2025-08-05 08:34:44,412: INFO: test_e2e_ProtoCommerce: Message coming from application is ×
Success! Thank you! Your order will be delivered in next few weeks :-).
